{"E:\\workboard-training\\apps\\react-spa\\src\\api\\client.ts": {"path":"E:\\workboard-training\\apps\\react-spa\\src\\api\\client.ts","statementMap":{"0":{"start":{"line":1,"column":21},"end":{"line":1,"column":null}},"1":{"start":{"line":12,"column":4},"end":{"line":12,"column":null}},"2":{"start":{"line":13,"column":4},"end":{"line":13,"column":null}},"3":{"start":{"line":14,"column":4},"end":{"line":14,"column":null}},"4":{"start":{"line":15,"column":4},"end":{"line":15,"column":null}},"5":{"start":{"line":19,"column":25},"end":{"line":126,"column":null}},"6":{"start":{"line":21,"column":21},"end":{"line":26,"column":null}},"7":{"start":{"line":28,"column":4},"end":{"line":35,"column":null}},"8":{"start":{"line":29,"column":24},"end":{"line":29,"column":null}},"9":{"start":{"line":29,"column":58},"end":{"line":29,"column":62}},"10":{"start":{"line":30,"column":6},"end":{"line":34,"column":null}},"11":{"start":{"line":37,"column":4},"end":{"line":37,"column":null}},"12":{"start":{"line":41,"column":21},"end":{"line":47,"column":null}},"13":{"start":{"line":49,"column":4},"end":{"line":56,"column":null}},"14":{"start":{"line":50,"column":24},"end":{"line":50,"column":null}},"15":{"start":{"line":50,"column":58},"end":{"line":50,"column":62}},"16":{"start":{"line":51,"column":6},"end":{"line":55,"column":null}},"17":{"start":{"line":58,"column":4},"end":{"line":58,"column":null}},"18":{"start":{"line":62,"column":21},"end":{"line":68,"column":null}},"19":{"start":{"line":70,"column":4},"end":{"line":77,"column":null}},"20":{"start":{"line":71,"column":24},"end":{"line":71,"column":null}},"21":{"start":{"line":71,"column":58},"end":{"line":71,"column":62}},"22":{"start":{"line":72,"column":6},"end":{"line":76,"column":null}},"23":{"start":{"line":79,"column":4},"end":{"line":79,"column":null}},"24":{"start":{"line":83,"column":21},"end":{"line":88,"column":null}},"25":{"start":{"line":90,"column":4},"end":{"line":97,"column":null}},"26":{"start":{"line":91,"column":24},"end":{"line":91,"column":null}},"27":{"start":{"line":91,"column":58},"end":{"line":91,"column":62}},"28":{"start":{"line":92,"column":6},"end":{"line":96,"column":null}},"29":{"start":{"line":99,"column":4},"end":{"line":99,"column":null}},"30":{"start":{"line":103,"column":21},"end":{"line":109,"column":null}},"31":{"start":{"line":111,"column":4},"end":{"line":118,"column":null}},"32":{"start":{"line":112,"column":24},"end":{"line":112,"column":null}},"33":{"start":{"line":112,"column":58},"end":{"line":112,"column":62}},"34":{"start":{"line":113,"column":6},"end":{"line":117,"column":null}},"35":{"start":{"line":120,"column":4},"end":{"line":120,"column":null}},"36":{"start":{"line":124,"column":4},"end":{"line":124,"column":null}}},"fnMap":{"0":{"name":"(anonymous_0)","decl":{"start":{"line":7,"column":2},"end":{"line":7,"column":null}},"loc":{"start":{"line":11,"column":4},"end":{"line":16,"column":null}},"line":11},"1":{"name":"(anonymous_1)","decl":{"start":{"line":20,"column":8},"end":{"line":20,"column":15}},"loc":{"start":{"line":20,"column":45},"end":{"line":38,"column":null}},"line":20},"2":{"name":"(anonymous_2)","decl":{"start":{"line":29,"column":52},"end":{"line":29,"column":58}},"loc":{"start":{"line":29,"column":58},"end":{"line":29,"column":62}},"line":29},"3":{"name":"(anonymous_3)","decl":{"start":{"line":40,"column":8},"end":{"line":40,"column":16}},"loc":{"start":{"line":40,"column":61},"end":{"line":59,"column":null}},"line":40},"4":{"name":"(anonymous_4)","decl":{"start":{"line":50,"column":52},"end":{"line":50,"column":58}},"loc":{"start":{"line":50,"column":58},"end":{"line":50,"column":62}},"line":50},"5":{"name":"(anonymous_5)","decl":{"start":{"line":61,"column":8},"end":{"line":61,"column":15}},"loc":{"start":{"line":61,"column":60},"end":{"line":80,"column":null}},"line":61},"6":{"name":"(anonymous_6)","decl":{"start":{"line":71,"column":52},"end":{"line":71,"column":58}},"loc":{"start":{"line":71,"column":58},"end":{"line":71,"column":62}},"line":71},"7":{"name":"(anonymous_7)","decl":{"start":{"line":82,"column":8},"end":{"line":82,"column":18}},"loc":{"start":{"line":82,"column":48},"end":{"line":100,"column":null}},"line":82},"8":{"name":"(anonymous_8)","decl":{"start":{"line":91,"column":52},"end":{"line":91,"column":58}},"loc":{"start":{"line":91,"column":58},"end":{"line":91,"column":62}},"line":91},"9":{"name":"(anonymous_9)","decl":{"start":{"line":102,"column":8},"end":{"line":102,"column":17}},"loc":{"start":{"line":102,"column":62},"end":{"line":121,"column":null}},"line":102},"10":{"name":"(anonymous_10)","decl":{"start":{"line":112,"column":52},"end":{"line":112,"column":58}},"loc":{"start":{"line":112,"column":58},"end":{"line":112,"column":62}},"line":112},"11":{"name":"(anonymous_11)","decl":{"start":{"line":123,"column":2},"end":{"line":123,"column":24}},"loc":{"start":{"line":123,"column":24},"end":{"line":125,"column":null}},"line":123}},"branchMap":{"0":{"loc":{"start":{"line":1,"column":21},"end":{"line":1,"column":null}},"type":"binary-expr","locations":[{"start":{"line":1,"column":21},"end":{"line":1,"column":58}},{"start":{"line":1,"column":58},"end":{"line":1,"column":null}}],"line":1},"1":{"loc":{"start":{"line":28,"column":4},"end":{"line":35,"column":null}},"type":"if","locations":[{"start":{"line":28,"column":4},"end":{"line":35,"column":null}},{"start":{},"end":{}}],"line":28},"2":{"loc":{"start":{"line":31,"column":8},"end":{"line":31,"column":null}},"type":"binary-expr","locations":[{"start":{"line":31,"column":8},"end":{"line":31,"column":30}},{"start":{"line":31,"column":30},"end":{"line":31,"column":null}}],"line":31},"3":{"loc":{"start":{"line":49,"column":4},"end":{"line":56,"column":null}},"type":"if","locations":[{"start":{"line":49,"column":4},"end":{"line":56,"column":null}},{"start":{},"end":{}}],"line":49},"4":{"loc":{"start":{"line":52,"column":8},"end":{"line":52,"column":null}},"type":"binary-expr","locations":[{"start":{"line":52,"column":8},"end":{"line":52,"column":30}},{"start":{"line":52,"column":30},"end":{"line":52,"column":null}}],"line":52},"5":{"loc":{"start":{"line":70,"column":4},"end":{"line":77,"column":null}},"type":"if","locations":[{"start":{"line":70,"column":4},"end":{"line":77,"column":null}},{"start":{},"end":{}}],"line":70},"6":{"loc":{"start":{"line":73,"column":8},"end":{"line":73,"column":null}},"type":"binary-expr","locations":[{"start":{"line":73,"column":8},"end":{"line":73,"column":30}},{"start":{"line":73,"column":30},"end":{"line":73,"column":null}}],"line":73},"7":{"loc":{"start":{"line":90,"column":4},"end":{"line":97,"column":null}},"type":"if","locations":[{"start":{"line":90,"column":4},"end":{"line":97,"column":null}},{"start":{},"end":{}}],"line":90},"8":{"loc":{"start":{"line":93,"column":8},"end":{"line":93,"column":null}},"type":"binary-expr","locations":[{"start":{"line":93,"column":8},"end":{"line":93,"column":30}},{"start":{"line":93,"column":30},"end":{"line":93,"column":null}}],"line":93},"9":{"loc":{"start":{"line":111,"column":4},"end":{"line":118,"column":null}},"type":"if","locations":[{"start":{"line":111,"column":4},"end":{"line":118,"column":null}},{"start":{},"end":{}}],"line":111},"10":{"loc":{"start":{"line":114,"column":8},"end":{"line":114,"column":null}},"type":"binary-expr","locations":[{"start":{"line":114,"column":8},"end":{"line":114,"column":30}},{"start":{"line":114,"column":30},"end":{"line":114,"column":null}}],"line":114}},"s":{"0":1,"1":0,"2":0,"3":0,"4":0,"5":1,"6":0,"7":0,"8":0,"9":0,"10":0,"11":0,"12":0,"13":0,"14":0,"15":0,"16":0,"17":0,"18":0,"19":0,"20":0,"21":0,"22":0,"23":0,"24":0,"25":0,"26":0,"27":0,"28":0,"29":0,"30":0,"31":0,"32":0,"33":0,"34":0,"35":0,"36":0},"f":{"0":0,"1":0,"2":0,"3":0,"4":0,"5":0,"6":0,"7":0,"8":0,"9":0,"10":0,"11":0},"b":{"0":[1,1],"1":[0,0],"2":[0,0],"3":[0,0],"4":[0,0],"5":[0,0],"6":[0,0],"7":[0,0],"8":[0,0],"9":[0,0],"10":[0,0]},"meta":{"lastBranch":11,"lastFunction":12,"lastStatement":37,"seen":{"s:1:21:1:Infinity":0,"b:1:21:1:58:1:58:1:Infinity":0,"f:7:2:7:Infinity":0,"s:12:4:12:Infinity":1,"s:13:4:13:Infinity":2,"s:14:4:14:Infinity":3,"s:15:4:15:Infinity":4,"s:19:25:126:Infinity":5,"f:20:8:20:15":1,"s:21:21:26:Infinity":6,"b:28:4:35:Infinity:undefined:undefined:undefined:undefined":1,"s:28:4:35:Infinity":7,"s:29:24:29:Infinity":8,"f:29:52:29:58":2,"s:29:58:29:62":9,"s:30:6:34:Infinity":10,"b:31:8:31:30:31:30:31:Infinity":2,"s:37:4:37:Infinity":11,"f:40:8:40:16":3,"s:41:21:47:Infinity":12,"b:49:4:56:Infinity:undefined:undefined:undefined:undefined":3,"s:49:4:56:Infinity":13,"s:50:24:50:Infinity":14,"f:50:52:50:58":4,"s:50:58:50:62":15,"s:51:6:55:Infinity":16,"b:52:8:52:30:52:30:52:Infinity":4,"s:58:4:58:Infinity":17,"f:61:8:61:15":5,"s:62:21:68:Infinity":18,"b:70:4:77:Infinity:undefined:undefined:undefined:undefined":5,"s:70:4:77:Infinity":19,"s:71:24:71:Infinity":20,"f:71:52:71:58":6,"s:71:58:71:62":21,"s:72:6:76:Infinity":22,"b:73:8:73:30:73:30:73:Infinity":6,"s:79:4:79:Infinity":23,"f:82:8:82:18":7,"s:83:21:88:Infinity":24,"b:90:4:97:Infinity:undefined:undefined:undefined:undefined":7,"s:90:4:97:Infinity":25,"s:91:24:91:Infinity":26,"f:91:52:91:58":8,"s:91:58:91:62":27,"s:92:6:96:Infinity":28,"b:93:8:93:30:93:30:93:Infinity":8,"s:99:4:99:Infinity":29,"f:102:8:102:17":9,"s:103:21:109:Infinity":30,"b:111:4:118:Infinity:undefined:undefined:undefined:undefined":9,"s:111:4:118:Infinity":31,"s:112:24:112:Infinity":32,"f:112:52:112:58":10,"s:112:58:112:62":33,"s:113:6:117:Infinity":34,"b:114:8:114:30:114:30:114:Infinity":10,"s:120:4:120:Infinity":35,"f:123:2:123:24":11,"s:124:4:124:Infinity":36}}}
,"E:\\workboard-training\\apps\\react-spa\\src\\api\\mockServer.ts": {"path":"E:\\workboard-training\\apps\\react-spa\\src\\api\\mockServer.ts","statementMap":{"0":{"start":{"line":5,"column":14},"end":{"line":5,"column":null}},"1":{"start":{"line":5,"column":20},"end":{"line":5,"column":null}},"2":{"start":{"line":5,"column":43},"end":{"line":5,"column":67}},"3":{"start":{"line":8,"column":32},"end":{"line":33,"column":null}},"4":{"start":{"line":36,"column":26},"end":{"line":36,"column":null}},"5":{"start":{"line":37,"column":20},"end":{"line":37,"column":null}},"6":{"start":{"line":40,"column":23},"end":{"line":40,"column":null}},"7":{"start":{"line":40,"column":29},"end":{"line":40,"column":null}},"8":{"start":{"line":43,"column":17},"end":{"line":43,"column":null}},"9":{"start":{"line":43,"column":33},"end":{"line":43,"column":null}},"10":{"start":{"line":43,"column":53},"end":{"line":43,"column":64}},"11":{"start":{"line":46,"column":24},"end":{"line":47,"column":null}},"12":{"start":{"line":47,"column":2},"end":{"line":47,"column":null}},"13":{"start":{"line":47,"column":24},"end":{"line":47,"column":49}},"14":{"start":{"line":50,"column":18},"end":{"line":96,"column":null}},"15":{"start":{"line":51,"column":2},"end":{"line":95,"column":null}},"16":{"start":{"line":52,"column":22},"end":{"line":52,"column":null}},"17":{"start":{"line":53,"column":4},"end":{"line":94,"column":null}},"18":{"start":{"line":99,"column":0},"end":{"line":99,"column":null}},"19":{"start":{"line":101,"column":26},"end":{"line":210,"column":null}},"20":{"start":{"line":104,"column":4},"end":{"line":104,"column":null}},"21":{"start":{"line":105,"column":4},"end":{"line":105,"column":null}},"22":{"start":{"line":109,"column":4},"end":{"line":109,"column":null}},"23":{"start":{"line":110,"column":20},"end":{"line":110,"column":null}},"24":{"start":{"line":110,"column":43},"end":{"line":110,"column":54}},"25":{"start":{"line":111,"column":4},"end":{"line":111,"column":null}},"26":{"start":{"line":115,"column":4},"end":{"line":115,"column":null}},"27":{"start":{"line":116,"column":32},"end":{"line":121,"column":null}},"28":{"start":{"line":122,"column":4},"end":{"line":122,"column":null}},"29":{"start":{"line":123,"column":4},"end":{"line":123,"column":null}},"30":{"start":{"line":127,"column":4},"end":{"line":127,"column":null}},"31":{"start":{"line":128,"column":18},"end":{"line":128,"column":null}},"32":{"start":{"line":128,"column":46},"end":{"line":128,"column":57}},"33":{"start":{"line":129,"column":4},"end":{"line":129,"column":null}},"34":{"start":{"line":129,"column":22},"end":{"line":129,"column":null}},"35":{"start":{"line":131,"column":4},"end":{"line":135,"column":null}},"36":{"start":{"line":136,"column":4},"end":{"line":136,"column":null}},"37":{"start":{"line":140,"column":4},"end":{"line":140,"column":null}},"38":{"start":{"line":141,"column":18},"end":{"line":141,"column":null}},"39":{"start":{"line":141,"column":46},"end":{"line":141,"column":57}},"40":{"start":{"line":142,"column":4},"end":{"line":142,"column":null}},"41":{"start":{"line":142,"column":22},"end":{"line":142,"column":null}},"42":{"start":{"line":145,"column":24},"end":{"line":148,"column":null}},"43":{"start":{"line":146,"column":21},"end":{"line":146,"column":48}},"44":{"start":{"line":147,"column":19},"end":{"line":147,"column":27}},"45":{"start":{"line":149,"column":4},"end":{"line":149,"column":null}},"46":{"start":{"line":149,"column":29},"end":{"line":149,"column":51}},"47":{"start":{"line":151,"column":4},"end":{"line":151,"column":null}},"48":{"start":{"line":156,"column":4},"end":{"line":156,"column":null}},"49":{"start":{"line":157,"column":4},"end":{"line":157,"column":null}},"50":{"start":{"line":161,"column":4},"end":{"line":161,"column":null}},"51":{"start":{"line":162,"column":17},"end":{"line":162,"column":null}},"52":{"start":{"line":163,"column":4},"end":{"line":163,"column":null}},"53":{"start":{"line":167,"column":4},"end":{"line":167,"column":null}},"54":{"start":{"line":168,"column":26},"end":{"line":177,"column":null}},"55":{"start":{"line":178,"column":4},"end":{"line":178,"column":null}},"56":{"start":{"line":179,"column":4},"end":{"line":179,"column":null}},"57":{"start":{"line":183,"column":4},"end":{"line":183,"column":null}},"58":{"start":{"line":184,"column":17},"end":{"line":184,"column":null}},"59":{"start":{"line":185,"column":4},"end":{"line":185,"column":null}},"60":{"start":{"line":185,"column":15},"end":{"line":185,"column":null}},"61":{"start":{"line":187,"column":4},"end":{"line":190,"column":null}},"62":{"start":{"line":191,"column":4},"end":{"line":191,"column":null}},"63":{"start":{"line":195,"column":4},"end":{"line":195,"column":null}},"64":{"start":{"line":196,"column":18},"end":{"line":196,"column":null}},"65":{"start":{"line":196,"column":43},"end":{"line":196,"column":54}},"66":{"start":{"line":197,"column":4},"end":{"line":197,"column":null}},"67":{"start":{"line":197,"column":22},"end":{"line":197,"column":null}},"68":{"start":{"line":198,"column":4},"end":{"line":198,"column":null}},"69":{"start":{"line":202,"column":4},"end":{"line":202,"column":null}},"70":{"start":{"line":203,"column":17},"end":{"line":203,"column":null}},"71":{"start":{"line":204,"column":4},"end":{"line":204,"column":null}},"72":{"start":{"line":204,"column":15},"end":{"line":204,"column":null}},"73":{"start":{"line":206,"column":4},"end":{"line":206,"column":null}},"74":{"start":{"line":207,"column":4},"end":{"line":207,"column":null}},"75":{"start":{"line":208,"column":4},"end":{"line":208,"column":null}}},"fnMap":{"0":{"name":"(anonymous_0)","decl":{"start":{"line":5,"column":14},"end":{"line":5,"column":20}},"loc":{"start":{"line":5,"column":20},"end":{"line":5,"column":null}},"line":5},"1":{"name":"(anonymous_1)","decl":{"start":{"line":5,"column":32},"end":{"line":5,"column":43}},"loc":{"start":{"line":5,"column":43},"end":{"line":5,"column":67}},"line":5},"2":{"name":"(anonymous_2)","decl":{"start":{"line":40,"column":23},"end":{"line":40,"column":29}},"loc":{"start":{"line":40,"column":29},"end":{"line":40,"column":null}},"line":40},"3":{"name":"(anonymous_3)","decl":{"start":{"line":43,"column":17},"end":{"line":43,"column":18}},"loc":{"start":{"line":43,"column":33},"end":{"line":43,"column":null}},"line":43},"4":{"name":"(anonymous_4)","decl":{"start":{"line":43,"column":48},"end":{"line":43,"column":53}},"loc":{"start":{"line":43,"column":53},"end":{"line":43,"column":64}},"line":43},"5":{"name":"(anonymous_5)","decl":{"start":{"line":46,"column":24},"end":{"line":46,"column":25}},"loc":{"start":{"line":47,"column":2},"end":{"line":47,"column":null}},"line":47},"6":{"name":"(anonymous_6)","decl":{"start":{"line":47,"column":19},"end":{"line":47,"column":24}},"loc":{"start":{"line":47,"column":24},"end":{"line":47,"column":49}},"line":47},"7":{"name":"(anonymous_7)","decl":{"start":{"line":50,"column":18},"end":{"line":50,"column":24}},"loc":{"start":{"line":50,"column":24},"end":{"line":96,"column":null}},"line":50},"8":{"name":"(anonymous_8)","decl":{"start":{"line":103,"column":15},"end":{"line":103,"column":47}},"loc":{"start":{"line":103,"column":47},"end":{"line":106,"column":null}},"line":103},"9":{"name":"(anonymous_9)","decl":{"start":{"line":108,"column":14},"end":{"line":108,"column":21}},"loc":{"start":{"line":108,"column":61},"end":{"line":112,"column":null}},"line":108},"10":{"name":"(anonymous_10)","decl":{"start":{"line":110,"column":38},"end":{"line":110,"column":43}},"loc":{"start":{"line":110,"column":43},"end":{"line":110,"column":54}},"line":110},"11":{"name":"(anonymous_11)","decl":{"start":{"line":114,"column":17},"end":{"line":114,"column":24}},"loc":{"start":{"line":114,"column":100},"end":{"line":124,"column":null}},"line":114},"12":{"name":"(anonymous_12)","decl":{"start":{"line":126,"column":17},"end":{"line":126,"column":24}},"loc":{"start":{"line":126,"column":81},"end":{"line":137,"column":null}},"line":126},"13":{"name":"(anonymous_13)","decl":{"start":{"line":128,"column":41},"end":{"line":128,"column":46}},"loc":{"start":{"line":128,"column":46},"end":{"line":128,"column":57}},"line":128},"14":{"name":"(anonymous_14)","decl":{"start":{"line":139,"column":17},"end":{"line":139,"column":24}},"loc":{"start":{"line":139,"column":54},"end":{"line":152,"column":null}},"line":139},"15":{"name":"(anonymous_15)","decl":{"start":{"line":141,"column":41},"end":{"line":141,"column":46}},"loc":{"start":{"line":141,"column":46},"end":{"line":141,"column":57}},"line":141},"16":{"name":"(anonymous_16)","decl":{"start":{"line":146,"column":11},"end":{"line":146,"column":12}},"loc":{"start":{"line":146,"column":21},"end":{"line":146,"column":48}},"line":146},"17":{"name":"(anonymous_17)","decl":{"start":{"line":147,"column":14},"end":{"line":147,"column":19}},"loc":{"start":{"line":147,"column":19},"end":{"line":147,"column":27}},"line":147},"18":{"name":"(anonymous_18)","decl":{"start":{"line":149,"column":24},"end":{"line":149,"column":29}},"loc":{"start":{"line":149,"column":29},"end":{"line":149,"column":51}},"line":149},"19":{"name":"(anonymous_19)","decl":{"start":{"line":155,"column":12},"end":{"line":155,"column":19}},"loc":{"start":{"line":155,"column":58},"end":{"line":158,"column":null}},"line":155},"20":{"name":"(anonymous_20)","decl":{"start":{"line":160,"column":11},"end":{"line":160,"column":18}},"loc":{"start":{"line":160,"column":55},"end":{"line":164,"column":null}},"line":160},"21":{"name":"(anonymous_21)","decl":{"start":{"line":166,"column":14},"end":{"line":166,"column":21}},"loc":{"start":{"line":166,"column":60},"end":{"line":180,"column":null}},"line":166},"22":{"name":"(anonymous_22)","decl":{"start":{"line":182,"column":14},"end":{"line":182,"column":21}},"loc":{"start":{"line":182,"column":72},"end":{"line":192,"column":null}},"line":182},"23":{"name":"(anonymous_23)","decl":{"start":{"line":194,"column":14},"end":{"line":194,"column":21}},"loc":{"start":{"line":194,"column":51},"end":{"line":199,"column":null}},"line":194},"24":{"name":"(anonymous_24)","decl":{"start":{"line":196,"column":38},"end":{"line":196,"column":43}},"loc":{"start":{"line":196,"column":43},"end":{"line":196,"column":54}},"line":196},"25":{"name":"(anonymous_25)","decl":{"start":{"line":201,"column":20},"end":{"line":201,"column":27}},"loc":{"start":{"line":201,"column":77},"end":{"line":209,"column":null}},"line":201}},"branchMap":{"0":{"loc":{"start":{"line":51,"column":2},"end":{"line":95,"column":null}},"type":"if","locations":[{"start":{"line":51,"column":2},"end":{"line":95,"column":null}},{"start":{},"end":{}}],"line":51},"1":{"loc":{"start":{"line":111,"column":11},"end":{"line":111,"column":null}},"type":"binary-expr","locations":[{"start":{"line":111,"column":11},"end":{"line":111,"column":22}},{"start":{"line":111,"column":22},"end":{"line":111,"column":null}}],"line":111},"2":{"loc":{"start":{"line":129,"column":4},"end":{"line":129,"column":null}},"type":"if","locations":[{"start":{"line":129,"column":4},"end":{"line":129,"column":null}},{"start":{},"end":{}}],"line":129},"3":{"loc":{"start":{"line":142,"column":4},"end":{"line":142,"column":null}},"type":"if","locations":[{"start":{"line":142,"column":4},"end":{"line":142,"column":null}},{"start":{},"end":{}}],"line":142},"4":{"loc":{"start":{"line":146,"column":21},"end":{"line":146,"column":48}},"type":"cond-expr","locations":[{"start":{"line":146,"column":42},"end":{"line":146,"column":46}},{"start":{"line":146,"column":46},"end":{"line":146,"column":48}}],"line":146},"5":{"loc":{"start":{"line":163,"column":11},"end":{"line":163,"column":null}},"type":"binary-expr","locations":[{"start":{"line":163,"column":11},"end":{"line":163,"column":19}},{"start":{"line":163,"column":19},"end":{"line":163,"column":null}}],"line":163},"6":{"loc":{"start":{"line":172,"column":19},"end":{"line":172,"column":null}},"type":"binary-expr","locations":[{"start":{"line":172,"column":19},"end":{"line":172,"column":39}},{"start":{"line":172,"column":39},"end":{"line":172,"column":null}}],"line":172},"7":{"loc":{"start":{"line":173,"column":14},"end":{"line":173,"column":null}},"type":"binary-expr","locations":[{"start":{"line":173,"column":14},"end":{"line":173,"column":29}},{"start":{"line":173,"column":29},"end":{"line":173,"column":null}}],"line":173},"8":{"loc":{"start":{"line":174,"column":16},"end":{"line":174,"column":null}},"type":"binary-expr","locations":[{"start":{"line":174,"column":16},"end":{"line":174,"column":33}},{"start":{"line":174,"column":33},"end":{"line":174,"column":null}}],"line":174},"9":{"loc":{"start":{"line":185,"column":4},"end":{"line":185,"column":null}},"type":"if","locations":[{"start":{"line":185,"column":4},"end":{"line":185,"column":null}},{"start":{},"end":{}}],"line":185},"10":{"loc":{"start":{"line":197,"column":4},"end":{"line":197,"column":null}},"type":"if","locations":[{"start":{"line":197,"column":4},"end":{"line":197,"column":null}},{"start":{},"end":{}}],"line":197},"11":{"loc":{"start":{"line":204,"column":4},"end":{"line":204,"column":null}},"type":"if","locations":[{"start":{"line":204,"column":4},"end":{"line":204,"column":null}},{"start":{},"end":{}}],"line":204}},"s":{"0":1,"1":2,"2":2,"3":1,"4":1,"5":1,"6":1,"7":4,"8":1,"9":0,"10":0,"11":1,"12":0,"13":0,"14":1,"15":1,"16":1,"17":1,"18":1,"19":1,"20":2,"21":1,"22":0,"23":0,"24":0,"25":0,"26":0,"27":0,"28":0,"29":0,"30":0,"31":0,"32":0,"33":0,"34":0,"35":0,"36":0,"37":0,"38":0,"39":0,"40":0,"41":0,"42":0,"43":0,"44":0,"45":0,"46":0,"47":0,"48":0,"49":0,"50":0,"51":0,"52":0,"53":0,"54":0,"55":0,"56":0,"57":0,"58":0,"59":0,"60":0,"61":0,"62":0,"63":0,"64":0,"65":0,"66":0,"67":0,"68":0,"69":0,"70":0,"71":0,"72":0,"73":0,"74":0,"75":0},"f":{"0":2,"1":2,"2":4,"3":0,"4":0,"5":0,"6":0,"7":1,"8":2,"9":0,"10":0,"11":0,"12":0,"13":0,"14":0,"15":0,"16":0,"17":0,"18":0,"19":0,"20":0,"21":0,"22":0,"23":0,"24":0,"25":0},"b":{"0":[1,0],"1":[0,0],"2":[0,0],"3":[0,0],"4":[0,0],"5":[0,0],"6":[0,0],"7":[0,0],"8":[0,0],"9":[0,0],"10":[0,0],"11":[0,0]},"meta":{"lastBranch":12,"lastFunction":26,"lastStatement":76,"seen":{"s:5:14:5:Infinity":0,"f:5:14:5:20":0,"s:5:20:5:Infinity":1,"f:5:32:5:43":1,"s:5:43:5:67":2,"s:8:32:33:Infinity":3,"s:36:26:36:Infinity":4,"s:37:20:37:Infinity":5,"s:40:23:40:Infinity":6,"f:40:23:40:29":2,"s:40:29:40:Infinity":7,"s:43:17:43:Infinity":8,"f:43:17:43:18":3,"s:43:33:43:Infinity":9,"f:43:48:43:53":4,"s:43:53:43:64":10,"s:46:24:47:Infinity":11,"f:46:24:46:25":5,"s:47:2:47:Infinity":12,"f:47:19:47:24":6,"s:47:24:47:49":13,"s:50:18:96:Infinity":14,"f:50:18:50:24":7,"b:51:2:95:Infinity:undefined:undefined:undefined:undefined":0,"s:51:2:95:Infinity":15,"s:52:22:52:Infinity":16,"s:53:4:94:Infinity":17,"s:99:0:99:Infinity":18,"s:101:26:210:Infinity":19,"f:103:15:103:47":8,"s:104:4:104:Infinity":20,"s:105:4:105:Infinity":21,"f:108:14:108:21":9,"s:109:4:109:Infinity":22,"s:110:20:110:Infinity":23,"f:110:38:110:43":10,"s:110:43:110:54":24,"s:111:4:111:Infinity":25,"b:111:11:111:22:111:22:111:Infinity":1,"f:114:17:114:24":11,"s:115:4:115:Infinity":26,"s:116:32:121:Infinity":27,"s:122:4:122:Infinity":28,"s:123:4:123:Infinity":29,"f:126:17:126:24":12,"s:127:4:127:Infinity":30,"s:128:18:128:Infinity":31,"f:128:41:128:46":13,"s:128:46:128:57":32,"b:129:4:129:Infinity:undefined:undefined:undefined:undefined":2,"s:129:4:129:Infinity":33,"s:129:22:129:Infinity":34,"s:131:4:135:Infinity":35,"s:136:4:136:Infinity":36,"f:139:17:139:24":14,"s:140:4:140:Infinity":37,"s:141:18:141:Infinity":38,"f:141:41:141:46":15,"s:141:46:141:57":39,"b:142:4:142:Infinity:undefined:undefined:undefined:undefined":3,"s:142:4:142:Infinity":40,"s:142:22:142:Infinity":41,"s:145:24:148:Infinity":42,"f:146:11:146:12":16,"s:146:21:146:48":43,"b:146:42:146:46:146:46:146:48":4,"f:147:14:147:19":17,"s:147:19:147:27":44,"s:149:4:149:Infinity":45,"f:149:24:149:29":18,"s:149:29:149:51":46,"s:151:4:151:Infinity":47,"f:155:12:155:19":19,"s:156:4:156:Infinity":48,"s:157:4:157:Infinity":49,"f:160:11:160:18":20,"s:161:4:161:Infinity":50,"s:162:17:162:Infinity":51,"s:163:4:163:Infinity":52,"b:163:11:163:19:163:19:163:Infinity":5,"f:166:14:166:21":21,"s:167:4:167:Infinity":53,"s:168:26:177:Infinity":54,"b:172:19:172:39:172:39:172:Infinity":6,"b:173:14:173:29:173:29:173:Infinity":7,"b:174:16:174:33:174:33:174:Infinity":8,"s:178:4:178:Infinity":55,"s:179:4:179:Infinity":56,"f:182:14:182:21":22,"s:183:4:183:Infinity":57,"s:184:17:184:Infinity":58,"b:185:4:185:Infinity:undefined:undefined:undefined:undefined":9,"s:185:4:185:Infinity":59,"s:185:15:185:Infinity":60,"s:187:4:190:Infinity":61,"s:191:4:191:Infinity":62,"f:194:14:194:21":23,"s:195:4:195:Infinity":63,"s:196:18:196:Infinity":64,"f:196:38:196:43":24,"s:196:43:196:54":65,"b:197:4:197:Infinity:undefined:undefined:undefined:undefined":10,"s:197:4:197:Infinity":66,"s:197:22:197:Infinity":67,"s:198:4:198:Infinity":68,"f:201:20:201:27":25,"s:202:4:202:Infinity":69,"s:203:17:203:Infinity":70,"b:204:4:204:Infinity:undefined:undefined:undefined:undefined":11,"s:204:4:204:Infinity":71,"s:204:15:204:Infinity":72,"s:206:4:206:Infinity":73,"s:207:4:207:Infinity":74,"s:208:4:208:Infinity":75}}}
,"E:\\workboard-training\\apps\\react-spa\\src\\api\\projects.api.ts": {"path":"E:\\workboard-training\\apps\\react-spa\\src\\api\\projects.api.ts","statementMap":{"0":{"start":{"line":11,"column":21},"end":{"line":11,"column":null}},"1":{"start":{"line":13,"column":27},"end":{"line":83,"column":null}},"2":{"start":{"line":18,"column":4},"end":{"line":49,"column":null}},"3":{"start":{"line":19,"column":23},"end":{"line":19,"column":null}},"4":{"start":{"line":22,"column":21},"end":{"line":22,"column":null}},"5":{"start":{"line":23,"column":6},"end":{"line":29,"column":null}},"6":{"start":{"line":24,"column":28},"end":{"line":24,"column":null}},"7":{"start":{"line":25,"column":8},"end":{"line":28,"column":null}},"8":{"start":{"line":26,"column":10},"end":{"line":27,"column":null}},"9":{"start":{"line":30,"column":6},"end":{"line":32,"column":null}},"10":{"start":{"line":31,"column":8},"end":{"line":31,"column":null}},"11":{"start":{"line":31,"column":40},"end":{"line":31,"column":67}},"12":{"start":{"line":35,"column":20},"end":{"line":35,"column":null}},"13":{"start":{"line":36,"column":19},"end":{"line":36,"column":null}},"14":{"start":{"line":37,"column":23},"end":{"line":37,"column":null}},"15":{"start":{"line":38,"column":25},"end":{"line":38,"column":null}},"16":{"start":{"line":39,"column":12},"end":{"line":39,"column":null}},"17":{"start":{"line":40,"column":24},"end":{"line":40,"column":null}},"18":{"start":{"line":42,"column":6},"end":{"line":48,"column":null}},"19":{"start":{"line":51,"column":19},"end":{"line":51,"column":null}},"20":{"start":{"line":52,"column":4},"end":{"line":52,"column":null}},"21":{"start":{"line":52,"column":25},"end":{"line":52,"column":null}},"22":{"start":{"line":53,"column":4},"end":{"line":53,"column":null}},"23":{"start":{"line":53,"column":25},"end":{"line":53,"column":null}},"24":{"start":{"line":54,"column":4},"end":{"line":54,"column":null}},"25":{"start":{"line":54,"column":26},"end":{"line":54,"column":null}},"26":{"start":{"line":55,"column":4},"end":{"line":55,"column":null}},"27":{"start":{"line":55,"column":30},"end":{"line":55,"column":null}},"28":{"start":{"line":57,"column":4},"end":{"line":57,"column":null}},"29":{"start":{"line":61,"column":4},"end":{"line":65,"column":null}},"30":{"start":{"line":62,"column":22},"end":{"line":62,"column":null}},"31":{"start":{"line":63,"column":6},"end":{"line":63,"column":null}},"32":{"start":{"line":63,"column":20},"end":{"line":63,"column":null}},"33":{"start":{"line":64,"column":6},"end":{"line":64,"column":null}},"34":{"start":{"line":66,"column":4},"end":{"line":66,"column":null}},"35":{"start":{"line":70,"column":4},"end":{"line":70,"column":null}},"36":{"start":{"line":70,"column":22},"end":{"line":70,"column":null}},"37":{"start":{"line":71,"column":4},"end":{"line":71,"column":null}},"38":{"start":{"line":75,"column":4},"end":{"line":75,"column":null}},"39":{"start":{"line":75,"column":22},"end":{"line":75,"column":null}},"40":{"start":{"line":76,"column":4},"end":{"line":76,"column":null}},"41":{"start":{"line":80,"column":4},"end":{"line":80,"column":null}},"42":{"start":{"line":80,"column":22},"end":{"line":80,"column":null}},"43":{"start":{"line":81,"column":4},"end":{"line":81,"column":null}}},"fnMap":{"0":{"name":"(anonymous_0)","decl":{"start":{"line":14,"column":15},"end":{"line":14,"column":null}},"loc":{"start":{"line":17,"column":34},"end":{"line":58,"column":null}},"line":17},"1":{"name":"(anonymous_1)","decl":{"start":{"line":25,"column":35},"end":{"line":25,"column":null}},"loc":{"start":{"line":26,"column":10},"end":{"line":27,"column":null}},"line":26},"2":{"name":"(anonymous_2)","decl":{"start":{"line":31,"column":35},"end":{"line":31,"column":40}},"loc":{"start":{"line":31,"column":40},"end":{"line":31,"column":67}},"line":31},"3":{"name":"(anonymous_3)","decl":{"start":{"line":60,"column":14},"end":{"line":60,"column":21}},"loc":{"start":{"line":60,"column":54},"end":{"line":67,"column":null}},"line":60},"4":{"name":"(anonymous_4)","decl":{"start":{"line":69,"column":17},"end":{"line":69,"column":24}},"loc":{"start":{"line":69,"column":69},"end":{"line":72,"column":null}},"line":69},"5":{"name":"(anonymous_5)","decl":{"start":{"line":74,"column":17},"end":{"line":74,"column":24}},"loc":{"start":{"line":74,"column":81},"end":{"line":77,"column":null}},"line":74},"6":{"name":"(anonymous_6)","decl":{"start":{"line":79,"column":17},"end":{"line":79,"column":24}},"loc":{"start":{"line":79,"column":54},"end":{"line":82,"column":null}},"line":79}},"branchMap":{"0":{"loc":{"start":{"line":18,"column":4},"end":{"line":49,"column":null}},"type":"if","locations":[{"start":{"line":18,"column":4},"end":{"line":49,"column":null}},{"start":{},"end":{}}],"line":18},"1":{"loc":{"start":{"line":23,"column":6},"end":{"line":29,"column":null}},"type":"if","locations":[{"start":{"line":23,"column":6},"end":{"line":29,"column":null}},{"start":{},"end":{}}],"line":23},"2":{"loc":{"start":{"line":26,"column":10},"end":{"line":27,"column":null}},"type":"binary-expr","locations":[{"start":{"line":26,"column":10},"end":{"line":26,"column":null}},{"start":{"line":27,"column":10},"end":{"line":27,"column":null}}],"line":26},"3":{"loc":{"start":{"line":30,"column":6},"end":{"line":32,"column":null}},"type":"if","locations":[{"start":{"line":30,"column":6},"end":{"line":32,"column":null}},{"start":{},"end":{}}],"line":30},"4":{"loc":{"start":{"line":30,"column":10},"end":{"line":30,"column":55}},"type":"binary-expr","locations":[{"start":{"line":30,"column":10},"end":{"line":30,"column":29}},{"start":{"line":30,"column":29},"end":{"line":30,"column":55}}],"line":30},"5":{"loc":{"start":{"line":36,"column":19},"end":{"line":36,"column":null}},"type":"binary-expr","locations":[{"start":{"line":36,"column":19},"end":{"line":36,"column":39}},{"start":{"line":36,"column":39},"end":{"line":36,"column":null}}],"line":36},"6":{"loc":{"start":{"line":37,"column":23},"end":{"line":37,"column":null}},"type":"binary-expr","locations":[{"start":{"line":37,"column":23},"end":{"line":37,"column":47}},{"start":{"line":37,"column":47},"end":{"line":37,"column":null}}],"line":37},"7":{"loc":{"start":{"line":52,"column":4},"end":{"line":52,"column":null}},"type":"if","locations":[{"start":{"line":52,"column":4},"end":{"line":52,"column":null}},{"start":{},"end":{}}],"line":52},"8":{"loc":{"start":{"line":53,"column":4},"end":{"line":53,"column":null}},"type":"if","locations":[{"start":{"line":53,"column":4},"end":{"line":53,"column":null}},{"start":{},"end":{}}],"line":53},"9":{"loc":{"start":{"line":54,"column":4},"end":{"line":54,"column":null}},"type":"if","locations":[{"start":{"line":54,"column":4},"end":{"line":54,"column":null}},{"start":{},"end":{}}],"line":54},"10":{"loc":{"start":{"line":55,"column":4},"end":{"line":55,"column":null}},"type":"if","locations":[{"start":{"line":55,"column":4},"end":{"line":55,"column":null}},{"start":{},"end":{}}],"line":55},"11":{"loc":{"start":{"line":61,"column":4},"end":{"line":65,"column":null}},"type":"if","locations":[{"start":{"line":61,"column":4},"end":{"line":65,"column":null}},{"start":{},"end":{}}],"line":61},"12":{"loc":{"start":{"line":63,"column":6},"end":{"line":63,"column":null}},"type":"if","locations":[{"start":{"line":63,"column":6},"end":{"line":63,"column":null}},{"start":{},"end":{}}],"line":63},"13":{"loc":{"start":{"line":70,"column":4},"end":{"line":70,"column":null}},"type":"if","locations":[{"start":{"line":70,"column":4},"end":{"line":70,"column":null}},{"start":{},"end":{}}],"line":70},"14":{"loc":{"start":{"line":75,"column":4},"end":{"line":75,"column":null}},"type":"if","locations":[{"start":{"line":75,"column":4},"end":{"line":75,"column":null}},{"start":{},"end":{}}],"line":75},"15":{"loc":{"start":{"line":80,"column":4},"end":{"line":80,"column":null}},"type":"if","locations":[{"start":{"line":80,"column":4},"end":{"line":80,"column":null}},{"start":{},"end":{}}],"line":80}},"s":{"0":1,"1":1,"2":2,"3":2,"4":1,"5":1,"6":0,"7":0,"8":0,"9":1,"10":0,"11":0,"12":1,"13":1,"14":2,"15":2,"16":2,"17":2,"18":2,"19":0,"20":0,"21":0,"22":0,"23":0,"24":0,"25":0,"26":0,"27":0,"28":0,"29":0,"30":0,"31":0,"32":0,"33":0,"34":0,"35":0,"36":0,"37":0,"38":0,"39":0,"40":0,"41":0,"42":0,"43":0},"f":{"0":2,"1":0,"2":0,"3":0,"4":0,"5":0,"6":0},"b":{"0":[2,0],"1":[0,1],"2":[0,0],"3":[0,1],"4":[1,0],"5":[1,1],"6":[2,1],"7":[0,0],"8":[0,0],"9":[0,0],"10":[0,0],"11":[0,0],"12":[0,0],"13":[0,0],"14":[0,0],"15":[0,0]},"meta":{"lastBranch":16,"lastFunction":7,"lastStatement":44,"seen":{"s:11:21:11:Infinity":0,"s:13:27:83:Infinity":1,"f:14:15:14:Infinity":0,"b:18:4:49:Infinity:undefined:undefined:undefined:undefined":0,"s:18:4:49:Infinity":2,"s:19:23:19:Infinity":3,"s:22:21:22:Infinity":4,"b:23:6:29:Infinity:undefined:undefined:undefined:undefined":1,"s:23:6:29:Infinity":5,"s:24:28:24:Infinity":6,"s:25:8:28:Infinity":7,"f:25:35:25:Infinity":1,"s:26:10:27:Infinity":8,"b:26:10:26:Infinity:27:10:27:Infinity":2,"b:30:6:32:Infinity:undefined:undefined:undefined:undefined":3,"s:30:6:32:Infinity":9,"b:30:10:30:29:30:29:30:55":4,"s:31:8:31:Infinity":10,"f:31:35:31:40":2,"s:31:40:31:67":11,"s:35:20:35:Infinity":12,"s:36:19:36:Infinity":13,"b:36:19:36:39:36:39:36:Infinity":5,"s:37:23:37:Infinity":14,"b:37:23:37:47:37:47:37:Infinity":6,"s:38:25:38:Infinity":15,"s:39:12:39:Infinity":16,"s:40:24:40:Infinity":17,"s:42:6:48:Infinity":18,"s:51:19:51:Infinity":19,"b:52:4:52:Infinity:undefined:undefined:undefined:undefined":7,"s:52:4:52:Infinity":20,"s:52:25:52:Infinity":21,"b:53:4:53:Infinity:undefined:undefined:undefined:undefined":8,"s:53:4:53:Infinity":22,"s:53:25:53:Infinity":23,"b:54:4:54:Infinity:undefined:undefined:undefined:undefined":9,"s:54:4:54:Infinity":24,"s:54:26:54:Infinity":25,"b:55:4:55:Infinity:undefined:undefined:undefined:undefined":10,"s:55:4:55:Infinity":26,"s:55:30:55:Infinity":27,"s:57:4:57:Infinity":28,"f:60:14:60:21":3,"b:61:4:65:Infinity:undefined:undefined:undefined:undefined":11,"s:61:4:65:Infinity":29,"s:62:22:62:Infinity":30,"b:63:6:63:Infinity:undefined:undefined:undefined:undefined":12,"s:63:6:63:Infinity":31,"s:63:20:63:Infinity":32,"s:64:6:64:Infinity":33,"s:66:4:66:Infinity":34,"f:69:17:69:24":4,"b:70:4:70:Infinity:undefined:undefined:undefined:undefined":13,"s:70:4:70:Infinity":35,"s:70:22:70:Infinity":36,"s:71:4:71:Infinity":37,"f:74:17:74:24":5,"b:75:4:75:Infinity:undefined:undefined:undefined:undefined":14,"s:75:4:75:Infinity":38,"s:75:22:75:Infinity":39,"s:76:4:76:Infinity":40,"f:79:17:79:24":6,"b:80:4:80:Infinity:undefined:undefined:undefined:undefined":15,"s:80:4:80:Infinity":41,"s:80:22:80:Infinity":42,"s:81:4:81:Infinity":43}}}
,"E:\\workboard-training\\apps\\react-spa\\src\\components\\forms\\FormInput.tsx": {"path":"E:\\workboard-training\\apps\\react-spa\\src\\components\\forms\\FormInput.tsx","statementMap":{"0":{"start":{"line":9,"column":13},"end":{"line":60,"column":null}},"1":{"start":{"line":11,"column":20},"end":{"line":11,"column":null}},"2":{"start":{"line":12,"column":20},"end":{"line":12,"column":null}},"3":{"start":{"line":13,"column":21},"end":{"line":13,"column":null}},"4":{"start":{"line":14,"column":4},"end":{"line":57,"column":null}},"5":{"start":{"line":61,"column":0},"end":{"line":61,"column":null}}},"fnMap":{"0":{"name":"(anonymous_0)","decl":{"start":{"line":10,"column":2},"end":{"line":10,"column":3}},"loc":{"start":{"line":10,"column":71},"end":{"line":59,"column":null}},"line":10}},"branchMap":{"0":{"loc":{"start":{"line":10,"column":31},"end":{"line":10,"column":47}},"type":"default-arg","locations":[{"start":{"line":10,"column":43},"end":{"line":10,"column":47}}],"line":10},"1":{"loc":{"start":{"line":11,"column":20},"end":{"line":11,"column":null}},"type":"binary-expr","locations":[{"start":{"line":11,"column":20},"end":{"line":11,"column":26}},{"start":{"line":11,"column":26},"end":{"line":11,"column":null}}],"line":11},"2":{"loc":{"start":{"line":21,"column":11},"end":{"line":21,"column":null}},"type":"binary-expr","locations":[{"start":{"line":21,"column":11},"end":{"line":21,"column":29}},{"start":{"line":21,"column":29},"end":{"line":21,"column":null}}],"line":21},"3":{"loc":{"start":{"line":31,"column":14},"end":{"line":31,"column":98}},"type":"cond-expr","locations":[{"start":{"line":31,"column":22},"end":{"line":31,"column":81}},{"start":{"line":31,"column":81},"end":{"line":31,"column":98}}],"line":31},"4":{"loc":{"start":{"line":34,"column":24},"end":{"line":34,"column":null}},"type":"cond-expr","locations":[{"start":{"line":34,"column":32},"end":{"line":34,"column":41}},{"start":{"line":34,"column":41},"end":{"line":34,"column":null}}],"line":34},"5":{"loc":{"start":{"line":36,"column":12},"end":{"line":36,"column":null}},"type":"cond-expr","locations":[{"start":{"line":36,"column":20},"end":{"line":36,"column":30}},{"start":{"line":36,"column":30},"end":{"line":36,"column":null}}],"line":36},"6":{"loc":{"start":{"line":36,"column":30},"end":{"line":36,"column":null}},"type":"cond-expr","locations":[{"start":{"line":36,"column":43},"end":{"line":36,"column":54}},{"start":{"line":36,"column":54},"end":{"line":36,"column":null}}],"line":36},"7":{"loc":{"start":{"line":41,"column":9},"end":{"line":44,"column":null}},"type":"binary-expr","locations":[{"start":{"line":41,"column":9},"end":{"line":41,"column":23}},{"start":{"line":41,"column":23},"end":{"line":41,"column":null}},{"start":{"line":42,"column":10},"end":{"line":44,"column":null}}],"line":41},"8":{"loc":{"start":{"line":47,"column":9},"end":{"line":55,"column":null}},"type":"binary-expr","locations":[{"start":{"line":47,"column":9},"end":{"line":47,"column":null}},{"start":{"line":48,"column":10},"end":{"line":55,"column":null}}],"line":47},"9":{"loc":{"start":{"line":54,"column":13},"end":{"line":54,"column":null}},"type":"cond-expr","locations":[{"start":{"line":54,"column":41},"end":{"line":54,"column":49}},{"start":{"line":54,"column":49},"end":{"line":54,"column":null}}],"line":54}},"s":{"0":1,"1":5,"2":5,"3":5,"4":5,"5":1},"f":{"0":5},"b":{"0":[5],"1":[5,5],"2":[5,1],"3":[1,4],"4":[1,4],"5":[1,4],"6":[0,4],"7":[5,0,0],"8":[5,1],"9":[0,1]},"meta":{"lastBranch":10,"lastFunction":1,"lastStatement":6,"seen":{"s:9:13:60:Infinity":0,"f:10:2:10:3":0,"b:10:43:10:47":0,"s:11:20:11:Infinity":1,"b:11:20:11:26:11:26:11:Infinity":1,"s:12:20:12:Infinity":2,"s:13:21:13:Infinity":3,"s:14:4:57:Infinity":4,"b:21:11:21:29:21:29:21:Infinity":2,"b:31:22:31:81:31:81:31:98":3,"b:34:32:34:41:34:41:34:Infinity":4,"b:36:20:36:30:36:30:36:Infinity":5,"b:36:43:36:54:36:54:36:Infinity":6,"b:41:9:41:23:41:23:41:Infinity:42:10:44:Infinity":7,"b:47:9:47:Infinity:48:10:55:Infinity":8,"b:54:41:54:49:54:49:54:Infinity":9,"s:61:0:61:Infinity":5}}}
,"E:\\workboard-training\\apps\\react-spa\\src\\components\\projects\\ProjectFilters.tsx": {"path":"E:\\workboard-training\\apps\\react-spa\\src\\components\\projects\\ProjectFilters.tsx","statementMap":{"0":{"start":{"line":16,"column":2},"end":{"line":55,"column":null}},"1":{"start":{"line":27,"column":29},"end":{"line":27,"column":null}},"2":{"start":{"line":39,"column":14},"end":{"line":42,"column":null}}},"fnMap":{"0":{"name":"ProjectFilters","decl":{"start":{"line":11,"column":16},"end":{"line":11,"column":31}},"loc":{"start":{"line":15,"column":24},"end":{"line":57,"column":null}},"line":15},"1":{"name":"(anonymous_1)","decl":{"start":{"line":27,"column":22},"end":{"line":27,"column":23}},"loc":{"start":{"line":27,"column":29},"end":{"line":27,"column":null}},"line":27},"2":{"name":"(anonymous_2)","decl":{"start":{"line":38,"column":22},"end":{"line":38,"column":23}},"loc":{"start":{"line":39,"column":14},"end":{"line":42,"column":null}},"line":39}},"branchMap":{"0":{"loc":{"start":{"line":26,"column":19},"end":{"line":26,"column":null}},"type":"binary-expr","locations":[{"start":{"line":26,"column":19},"end":{"line":26,"column":37}},{"start":{"line":26,"column":37},"end":{"line":26,"column":null}}],"line":26},"1":{"loc":{"start":{"line":37,"column":19},"end":{"line":37,"column":null}},"type":"binary-expr","locations":[{"start":{"line":37,"column":19},"end":{"line":37,"column":37}},{"start":{"line":37,"column":37},"end":{"line":37,"column":null}}],"line":37}},"s":{"0":4,"1":4,"2":1},"f":{"0":4,"1":4,"2":1},"b":{"0":[4,4],"1":[4,0]},"meta":{"lastBranch":2,"lastFunction":3,"lastStatement":3,"seen":{"f:11:16:11:31":0,"s:16:2:55:Infinity":0,"b:26:19:26:37:26:37:26:Infinity":0,"f:27:22:27:23":1,"s:27:29:27:Infinity":1,"b:37:19:37:37:37:37:37:Infinity":1,"f:38:22:38:23":2,"s:39:14:42:Infinity":2}}}
,"E:\\workboard-training\\apps\\react-spa\\src\\components\\tasks\\TaskCard.tsx": {"path":"E:\\workboard-training\\apps\\react-spa\\src\\components\\tasks\\TaskCard.tsx","statementMap":{"0":{"start":{"line":13,"column":24},"end":{"line":68,"column":null}},"1":{"start":{"line":14,"column":25},"end":{"line":18,"column":null}},"2":{"start":{"line":20,"column":23},"end":{"line":20,"column":null}},"3":{"start":{"line":22,"column":2},"end":{"line":66,"column":null}},"4":{"start":{"line":38,"column":27},"end":{"line":38,"column":null}},"5":{"start":{"line":43,"column":12},"end":{"line":45,"column":null}},"6":{"start":{"line":51,"column":27},"end":{"line":51,"column":null}},"7":{"start":{"line":58,"column":27},"end":{"line":58,"column":null}}},"fnMap":{"0":{"name":"(anonymous_0)","decl":{"start":{"line":13,"column":24},"end":{"line":13,"column":25}},"loc":{"start":{"line":13,"column":87},"end":{"line":68,"column":null}},"line":13},"1":{"name":"(anonymous_1)","decl":{"start":{"line":38,"column":20},"end":{"line":38,"column":21}},"loc":{"start":{"line":38,"column":27},"end":{"line":38,"column":null}},"line":38},"2":{"name":"(anonymous_2)","decl":{"start":{"line":42,"column":50},"end":{"line":42,"column":51}},"loc":{"start":{"line":43,"column":12},"end":{"line":45,"column":null}},"line":43},"3":{"name":"(anonymous_3)","decl":{"start":{"line":51,"column":21},"end":{"line":51,"column":27}},"loc":{"start":{"line":51,"column":27},"end":{"line":51,"column":null}},"line":51},"4":{"name":"(anonymous_4)","decl":{"start":{"line":58,"column":21},"end":{"line":58,"column":27}},"loc":{"start":{"line":58,"column":27},"end":{"line":58,"column":null}},"line":58}},"branchMap":{"0":{"loc":{"start":{"line":23,"column":62},"end":{"line":23,"column":94}},"type":"cond-expr","locations":[{"start":{"line":23,"column":77},"end":{"line":23,"column":92}},{"start":{"line":23,"column":92},"end":{"line":23,"column":94}}],"line":23},"1":{"loc":{"start":{"line":31,"column":7},"end":{"line":32,"column":null}},"type":"binary-expr","locations":[{"start":{"line":31,"column":7},"end":{"line":31,"column":null}},{"start":{"line":32,"column":8},"end":{"line":32,"column":null}}],"line":31}},"s":{"0":1,"1":5,"2":5,"3":5,"4":1,"5":15,"6":1,"7":1},"f":{"0":5,"1":1,"2":15,"3":1,"4":1},"b":{"0":[0,5],"1":[5,5]},"meta":{"lastBranch":2,"lastFunction":5,"lastStatement":8,"seen":{"s:13:24:68:Infinity":0,"f:13:24:13:25":0,"s:14:25:18:Infinity":1,"s:20:23:20:Infinity":2,"s:22:2:66:Infinity":3,"b:23:77:23:92:23:92:23:94":0,"b:31:7:31:Infinity:32:8:32:Infinity":1,"f:38:20:38:21":1,"s:38:27:38:Infinity":4,"f:42:50:42:51":2,"s:43:12:45:Infinity":5,"f:51:21:51:27":3,"s:51:27:51:Infinity":6,"f:58:21:58:27":4,"s:58:27:58:Infinity":7}}}
,"E:\\workboard-training\\apps\\react-spa\\src\\components\\ui\\Button.tsx": {"path":"E:\\workboard-training\\apps\\react-spa\\src\\components\\ui\\Button.tsx","statementMap":{"0":{"start":{"line":19,"column":21},"end":{"line":19,"column":null}},"1":{"start":{"line":21,"column":24},"end":{"line":25,"column":null}},"2":{"start":{"line":27,"column":21},"end":{"line":31,"column":null}},"3":{"start":{"line":33,"column":2},"end":{"line":59,"column":null}}},"fnMap":{"0":{"name":"Button","decl":{"start":{"line":10,"column":16},"end":{"line":10,"column":23}},"loc":{"start":{"line":18,"column":16},"end":{"line":61,"column":null}},"line":18}},"branchMap":{"0":{"loc":{"start":{"line":12,"column":2},"end":{"line":12,"column":null}},"type":"default-arg","locations":[{"start":{"line":12,"column":12},"end":{"line":12,"column":null}}],"line":12},"1":{"loc":{"start":{"line":13,"column":2},"end":{"line":13,"column":null}},"type":"default-arg","locations":[{"start":{"line":13,"column":9},"end":{"line":13,"column":null}}],"line":13},"2":{"loc":{"start":{"line":14,"column":2},"end":{"line":14,"column":null}},"type":"default-arg","locations":[{"start":{"line":14,"column":14},"end":{"line":14,"column":null}}],"line":14},"3":{"loc":{"start":{"line":15,"column":2},"end":{"line":15,"column":null}},"type":"default-arg","locations":[{"start":{"line":15,"column":14},"end":{"line":15,"column":null}}],"line":15},"4":{"loc":{"start":{"line":36,"column":16},"end":{"line":36,"column":null}},"type":"binary-expr","locations":[{"start":{"line":36,"column":16},"end":{"line":36,"column":29}},{"start":{"line":36,"column":29},"end":{"line":36,"column":null}}],"line":36},"5":{"loc":{"start":{"line":38,"column":21},"end":{"line":38,"column":null}},"type":"binary-expr","locations":[{"start":{"line":38,"column":21},"end":{"line":38,"column":34}},{"start":{"line":38,"column":34},"end":{"line":38,"column":null}}],"line":38},"6":{"loc":{"start":{"line":41,"column":7},"end":{"line":57,"column":null}},"type":"cond-expr","locations":[{"start":{"line":42,"column":8},"end":{"line":55,"column":null}},{"start":{"line":57,"column":8},"end":{"line":57,"column":null}}],"line":41}},"s":{"0":4,"1":4,"2":4,"3":4},"f":{"0":4},"b":{"0":[4],"1":[4],"2":[4],"3":[4],"4":[4,4],"5":[4,4],"6":[0,4]},"meta":{"lastBranch":7,"lastFunction":1,"lastStatement":4,"seen":{"f:10:16:10:23":0,"b:12:12:12:Infinity":0,"b:13:9:13:Infinity":1,"b:14:14:14:Infinity":2,"b:15:14:15:Infinity":3,"s:19:21:19:Infinity":0,"s:21:24:25:Infinity":1,"s:27:21:31:Infinity":2,"s:33:2:59:Infinity":3,"b:36:16:36:29:36:29:36:Infinity":4,"b:38:21:38:34:38:34:38:Infinity":5,"b:42:8:55:Infinity:57:8:57:Infinity":6}}}
,"E:\\workboard-training\\apps\\react-spa\\src\\components\\ui\\Card.tsx": {"path":"E:\\workboard-training\\apps\\react-spa\\src\\components\\ui\\Card.tsx","statementMap":{"0":{"start":{"line":18,"column":24},"end":{"line":18,"column":null}},"1":{"start":{"line":20,"column":22},"end":{"line":22,"column":null}},"2":{"start":{"line":25,"column":4},"end":{"line":34,"column":null}},"3":{"start":{"line":37,"column":2},"end":{"line":55,"column":null}},"4":{"start":{"line":38,"column":4},"end":{"line":53,"column":null}},"5":{"start":{"line":45,"column":10},"end":{"line":48,"column":null}},"6":{"start":{"line":46,"column":12},"end":{"line":46,"column":null}},"7":{"start":{"line":47,"column":12},"end":{"line":47,"column":null}},"8":{"start":{"line":57,"column":2},"end":{"line":60,"column":null}}},"fnMap":{"0":{"name":"Card","decl":{"start":{"line":11,"column":16},"end":{"line":11,"column":21}},"loc":{"start":{"line":17,"column":14},"end":{"line":62,"column":null}},"line":17},"1":{"name":"(anonymous_1)","decl":{"start":{"line":44,"column":19},"end":{"line":44,"column":20}},"loc":{"start":{"line":44,"column":26},"end":{"line":49,"column":null}},"line":44}},"branchMap":{"0":{"loc":{"start":{"line":14,"column":2},"end":{"line":14,"column":null}},"type":"default-arg","locations":[{"start":{"line":14,"column":14},"end":{"line":14,"column":null}}],"line":14},"1":{"loc":{"start":{"line":16,"column":6},"end":{"line":16,"column":null}},"type":"default-arg","locations":[{"start":{"line":16,"column":18},"end":{"line":16,"column":null}}],"line":16},"2":{"loc":{"start":{"line":21,"column":4},"end":{"line":21,"column":null}},"type":"cond-expr","locations":[{"start":{"line":21,"column":20},"end":{"line":21,"column":123}},{"start":{"line":21,"column":123},"end":{"line":21,"column":null}}],"line":21},"3":{"loc":{"start":{"line":26,"column":7},"end":{"line":29,"column":null}},"type":"binary-expr","locations":[{"start":{"line":26,"column":7},"end":{"line":26,"column":null}},{"start":{"line":27,"column":8},"end":{"line":29,"column":null}}],"line":26},"4":{"loc":{"start":{"line":37,"column":2},"end":{"line":55,"column":null}},"type":"if","locations":[{"start":{"line":37,"column":2},"end":{"line":55,"column":null}},{"start":{},"end":{}}],"line":37},"5":{"loc":{"start":{"line":45,"column":10},"end":{"line":48,"column":null}},"type":"if","locations":[{"start":{"line":45,"column":10},"end":{"line":48,"column":null}},{"start":{},"end":{}}],"line":45},"6":{"loc":{"start":{"line":45,"column":14},"end":{"line":45,"column":50}},"type":"binary-expr","locations":[{"start":{"line":45,"column":14},"end":{"line":45,"column":35}},{"start":{"line":45,"column":35},"end":{"line":45,"column":50}}],"line":45}},"s":{"0":5,"1":5,"2":5,"3":5,"4":0,"5":0,"6":0,"7":0,"8":5},"f":{"0":5,"1":0},"b":{"0":[5],"1":[5],"2":[0,5],"3":[5,0],"4":[0,5],"5":[0,0],"6":[0,0]},"meta":{"lastBranch":7,"lastFunction":2,"lastStatement":9,"seen":{"f:11:16:11:21":0,"b:14:14:14:Infinity":0,"b:16:18:16:Infinity":1,"s:18:24:18:Infinity":0,"s:20:22:22:Infinity":1,"b:21:20:21:123:21:123:21:Infinity":2,"s:25:4:34:Infinity":2,"b:26:7:26:Infinity:27:8:29:Infinity":3,"b:37:2:55:Infinity:undefined:undefined:undefined:undefined":4,"s:37:2:55:Infinity":3,"s:38:4:53:Infinity":4,"f:44:19:44:20":1,"b:45:10:48:Infinity:undefined:undefined:undefined:undefined":5,"s:45:10:48:Infinity":5,"b:45:14:45:35:45:35:45:50":6,"s:46:12:46:Infinity":6,"s:47:12:47:Infinity":7,"s:57:2:60:Infinity":8}}}
,"E:\\workboard-training\\apps\\react-spa\\src\\components\\ui\\Input.tsx": {"path":"E:\\workboard-training\\apps\\react-spa\\src\\components\\ui\\Input.tsx","statementMap":{"0":{"start":{"line":7,"column":13},"end":{"line":32,"column":null}},"1":{"start":{"line":9,"column":4},"end":{"line":29,"column":null}},"2":{"start":{"line":33,"column":0},"end":{"line":33,"column":null}}},"fnMap":{"0":{"name":"(anonymous_0)","decl":{"start":{"line":8,"column":2},"end":{"line":8,"column":3}},"loc":{"start":{"line":8,"column":55},"end":{"line":31,"column":null}},"line":8}},"branchMap":{"0":{"loc":{"start":{"line":8,"column":19},"end":{"line":8,"column":35}},"type":"default-arg","locations":[{"start":{"line":8,"column":31},"end":{"line":8,"column":35}}],"line":8},"1":{"loc":{"start":{"line":11,"column":9},"end":{"line":14,"column":null}},"type":"binary-expr","locations":[{"start":{"line":11,"column":9},"end":{"line":11,"column":null}},{"start":{"line":12,"column":10},"end":{"line":14,"column":null}}],"line":11},"2":{"loc":{"start":{"line":21,"column":14},"end":{"line":21,"column":58}},"type":"cond-expr","locations":[{"start":{"line":21,"column":22},"end":{"line":21,"column":41}},{"start":{"line":21,"column":41},"end":{"line":21,"column":58}}],"line":21},"3":{"loc":{"start":{"line":26,"column":9},"end":{"line":27,"column":null}},"type":"binary-expr","locations":[{"start":{"line":26,"column":9},"end":{"line":26,"column":null}},{"start":{"line":27,"column":10},"end":{"line":27,"column":null}}],"line":26}},"s":{"0":1,"1":4,"2":1},"f":{"0":4},"b":{"0":[4],"1":[4,0],"2":[0,4],"3":[4,0]},"meta":{"lastBranch":4,"lastFunction":1,"lastStatement":3,"seen":{"s:7:13:32:Infinity":0,"f:8:2:8:3":0,"b:8:31:8:35":0,"s:9:4:29:Infinity":1,"b:11:9:11:Infinity:12:10:14:Infinity":1,"b:21:22:21:41:21:41:21:58":2,"b:26:9:26:Infinity:27:10:27:Infinity":3,"s:33:0:33:Infinity":2}}}
,"E:\\workboard-training\\apps\\react-spa\\src\\hooks\\useDebounce.ts": {"path":"E:\\workboard-training\\apps\\react-spa\\src\\hooks\\useDebounce.ts","statementMap":{"0":{"start":{"line":4,"column":23},"end":{"line":4,"column":null}},"1":{"start":{"line":5,"column":2},"end":{"line":5,"column":null}}},"fnMap":{"0":{"name":"useDebounce","decl":{"start":{"line":3,"column":16},"end":{"line":3,"column":31}},"loc":{"start":{"line":3,"column":65},"end":{"line":6,"column":null}},"line":3}},"branchMap":{"0":{"loc":{"start":{"line":3,"column":41},"end":{"line":3,"column":65}},"type":"default-arg","locations":[{"start":{"line":3,"column":57},"end":{"line":3,"column":65}}],"line":3}},"s":{"0":9,"1":9},"f":{"0":9},"b":{"0":[9]},"meta":{"lastBranch":1,"lastFunction":1,"lastStatement":2,"seen":{"f:3:16:3:31":0,"b:3:57:3:65":0,"s:4:23:4:Infinity":0,"s:5:2:5:Infinity":1}}}
,"E:\\workboard-training\\apps\\react-spa\\src\\hooks\\useProjects.ts": {"path":"E:\\workboard-training\\apps\\react-spa\\src\\hooks\\useProjects.ts","statementMap":{"0":{"start":{"line":7,"column":27},"end":{"line":14,"column":null}},"1":{"start":{"line":9,"column":15},"end":{"line":9,"column":null}},"2":{"start":{"line":11,"column":4},"end":{"line":11,"column":null}},"3":{"start":{"line":12,"column":17},"end":{"line":12,"column":null}},"4":{"start":{"line":13,"column":26},"end":{"line":13,"column":null}},"5":{"start":{"line":20,"column":2},"end":{"line":23,"column":null}},"6":{"start":{"line":22,"column":19},"end":{"line":22,"column":null}},"7":{"start":{"line":27,"column":2},"end":{"line":31,"column":null}},"8":{"start":{"line":29,"column":19},"end":{"line":29,"column":null}},"9":{"start":{"line":35,"column":8},"end":{"line":35,"column":null}},"10":{"start":{"line":36,"column":8},"end":{"line":36,"column":null}},"11":{"start":{"line":36,"column":41},"end":{"line":36,"column":55}},"12":{"start":{"line":38,"column":2},"end":{"line":54,"column":null}},"13":{"start":{"line":39,"column":44},"end":{"line":39,"column":null}},"14":{"start":{"line":41,"column":6},"end":{"line":41,"column":null}},"15":{"start":{"line":43,"column":6},"end":{"line":46,"column":null}},"16":{"start":{"line":49,"column":6},"end":{"line":52,"column":null}},"17":{"start":{"line":58,"column":8},"end":{"line":58,"column":null}},"18":{"start":{"line":59,"column":8},"end":{"line":59,"column":null}},"19":{"start":{"line":59,"column":41},"end":{"line":59,"column":55}},"20":{"start":{"line":61,"column":2},"end":{"line":79,"column":null}},"21":{"start":{"line":63,"column":6},"end":{"line":63,"column":null}},"22":{"start":{"line":65,"column":6},"end":{"line":65,"column":null}},"23":{"start":{"line":66,"column":6},"end":{"line":66,"column":null}},"24":{"start":{"line":68,"column":6},"end":{"line":71,"column":null}},"25":{"start":{"line":74,"column":6},"end":{"line":77,"column":null}},"26":{"start":{"line":83,"column":8},"end":{"line":83,"column":null}},"27":{"start":{"line":84,"column":8},"end":{"line":84,"column":null}},"28":{"start":{"line":84,"column":41},"end":{"line":84,"column":55}},"29":{"start":{"line":86,"column":2},"end":{"line":102,"column":null}},"30":{"start":{"line":87,"column":32},"end":{"line":87,"column":null}},"31":{"start":{"line":89,"column":6},"end":{"line":89,"column":null}},"32":{"start":{"line":91,"column":6},"end":{"line":94,"column":null}},"33":{"start":{"line":97,"column":6},"end":{"line":100,"column":null}}},"fnMap":{"0":{"name":"(anonymous_0)","decl":{"start":{"line":9,"column":9},"end":{"line":9,"column":15}},"loc":{"start":{"line":9,"column":15},"end":{"line":9,"column":null}},"line":9},"1":{"name":"(anonymous_1)","decl":{"start":{"line":10,"column":8},"end":{"line":10,"column":9}},"loc":{"start":{"line":11,"column":4},"end":{"line":11,"column":null}},"line":11},"2":{"name":"(anonymous_2)","decl":{"start":{"line":12,"column":11},"end":{"line":12,"column":17}},"loc":{"start":{"line":12,"column":17},"end":{"line":12,"column":null}},"line":12},"3":{"name":"(anonymous_3)","decl":{"start":{"line":13,"column":10},"end":{"line":13,"column":11}},"loc":{"start":{"line":13,"column":26},"end":{"line":13,"column":null}},"line":13},"4":{"name":"useProjects","decl":{"start":{"line":16,"column":16},"end":{"line":16,"column":null}},"loc":{"start":{"line":19,"column":2},"end":{"line":24,"column":null}},"line":19},"5":{"name":"(anonymous_5)","decl":{"start":{"line":22,"column":13},"end":{"line":22,"column":19}},"loc":{"start":{"line":22,"column":19},"end":{"line":22,"column":null}},"line":22},"6":{"name":"useProject","decl":{"start":{"line":26,"column":16},"end":{"line":26,"column":27}},"loc":{"start":{"line":26,"column":39},"end":{"line":32,"column":null}},"line":26},"7":{"name":"(anonymous_7)","decl":{"start":{"line":29,"column":13},"end":{"line":29,"column":19}},"loc":{"start":{"line":29,"column":19},"end":{"line":29,"column":null}},"line":29},"8":{"name":"useCreateProject","decl":{"start":{"line":34,"column":16},"end":{"line":34,"column":35}},"loc":{"start":{"line":34,"column":35},"end":{"line":55,"column":null}},"line":34},"9":{"name":"(anonymous_9)","decl":{"start":{"line":36,"column":30},"end":{"line":36,"column":31}},"loc":{"start":{"line":36,"column":41},"end":{"line":36,"column":55}},"line":36},"10":{"name":"(anonymous_10)","decl":{"start":{"line":39,"column":16},"end":{"line":39,"column":17}},"loc":{"start":{"line":39,"column":44},"end":{"line":39,"column":null}},"line":39},"11":{"name":"(anonymous_11)","decl":{"start":{"line":40,"column":15},"end":{"line":40,"column":21}},"loc":{"start":{"line":40,"column":21},"end":{"line":47,"column":null}},"line":40},"12":{"name":"(anonymous_12)","decl":{"start":{"line":48,"column":13},"end":{"line":48,"column":14}},"loc":{"start":{"line":48,"column":31},"end":{"line":53,"column":null}},"line":48},"13":{"name":"useUpdateProject","decl":{"start":{"line":57,"column":16},"end":{"line":57,"column":35}},"loc":{"start":{"line":57,"column":35},"end":{"line":80,"column":null}},"line":57},"14":{"name":"(anonymous_14)","decl":{"start":{"line":59,"column":30},"end":{"line":59,"column":31}},"loc":{"start":{"line":59,"column":41},"end":{"line":59,"column":55}},"line":59},"15":{"name":"(anonymous_15)","decl":{"start":{"line":62,"column":16},"end":{"line":62,"column":17}},"loc":{"start":{"line":63,"column":6},"end":{"line":63,"column":null}},"line":63},"16":{"name":"(anonymous_16)","decl":{"start":{"line":64,"column":15},"end":{"line":64,"column":16}},"loc":{"start":{"line":64,"column":33},"end":{"line":72,"column":null}},"line":64},"17":{"name":"(anonymous_17)","decl":{"start":{"line":73,"column":13},"end":{"line":73,"column":14}},"loc":{"start":{"line":73,"column":31},"end":{"line":78,"column":null}},"line":73},"18":{"name":"useDeleteProject","decl":{"start":{"line":82,"column":16},"end":{"line":82,"column":35}},"loc":{"start":{"line":82,"column":35},"end":{"line":103,"column":null}},"line":82},"19":{"name":"(anonymous_19)","decl":{"start":{"line":84,"column":30},"end":{"line":84,"column":31}},"loc":{"start":{"line":84,"column":41},"end":{"line":84,"column":55}},"line":84},"20":{"name":"(anonymous_20)","decl":{"start":{"line":87,"column":16},"end":{"line":87,"column":17}},"loc":{"start":{"line":87,"column":32},"end":{"line":87,"column":null}},"line":87},"21":{"name":"(anonymous_21)","decl":{"start":{"line":88,"column":15},"end":{"line":88,"column":21}},"loc":{"start":{"line":88,"column":21},"end":{"line":95,"column":null}},"line":88},"22":{"name":"(anonymous_22)","decl":{"start":{"line":96,"column":13},"end":{"line":96,"column":14}},"loc":{"start":{"line":96,"column":31},"end":{"line":101,"column":null}},"line":96}},"branchMap":{"0":{"loc":{"start":{"line":51,"column":17},"end":{"line":51,"column":null}},"type":"binary-expr","locations":[{"start":{"line":51,"column":17},"end":{"line":51,"column":34}},{"start":{"line":51,"column":34},"end":{"line":51,"column":null}}],"line":51},"1":{"loc":{"start":{"line":76,"column":17},"end":{"line":76,"column":null}},"type":"binary-expr","locations":[{"start":{"line":76,"column":17},"end":{"line":76,"column":34}},{"start":{"line":76,"column":34},"end":{"line":76,"column":null}}],"line":76},"2":{"loc":{"start":{"line":99,"column":17},"end":{"line":99,"column":null}},"type":"binary-expr","locations":[{"start":{"line":99,"column":17},"end":{"line":99,"column":34}},{"start":{"line":99,"column":34},"end":{"line":99,"column":null}}],"line":99}},"s":{"0":1,"1":3,"2":3,"3":0,"4":0,"5":3,"6":2,"7":0,"8":0,"9":0,"10":0,"11":0,"12":0,"13":0,"14":0,"15":0,"16":0,"17":0,"18":0,"19":0,"20":0,"21":0,"22":0,"23":0,"24":0,"25":0,"26":0,"27":0,"28":0,"29":0,"30":0,"31":0,"32":0,"33":0},"f":{"0":3,"1":3,"2":0,"3":0,"4":3,"5":2,"6":0,"7":0,"8":0,"9":0,"10":0,"11":0,"12":0,"13":0,"14":0,"15":0,"16":0,"17":0,"18":0,"19":0,"20":0,"21":0,"22":0},"b":{"0":[0,0],"1":[0,0],"2":[0,0]},"meta":{"lastBranch":3,"lastFunction":23,"lastStatement":34,"seen":{"s:7:27:14:Infinity":0,"f:9:9:9:15":0,"s:9:15:9:Infinity":1,"f:10:8:10:9":1,"s:11:4:11:Infinity":2,"f:12:11:12:17":2,"s:12:17:12:Infinity":3,"f:13:10:13:11":3,"s:13:26:13:Infinity":4,"f:16:16:16:Infinity":4,"s:20:2:23:Infinity":5,"f:22:13:22:19":5,"s:22:19:22:Infinity":6,"f:26:16:26:27":6,"s:27:2:31:Infinity":7,"f:29:13:29:19":7,"s:29:19:29:Infinity":8,"f:34:16:34:35":8,"s:35:8:35:Infinity":9,"s:36:8:36:Infinity":10,"f:36:30:36:31":9,"s:36:41:36:55":11,"s:38:2:54:Infinity":12,"f:39:16:39:17":10,"s:39:44:39:Infinity":13,"f:40:15:40:21":11,"s:41:6:41:Infinity":14,"s:43:6:46:Infinity":15,"f:48:13:48:14":12,"s:49:6:52:Infinity":16,"b:51:17:51:34:51:34:51:Infinity":0,"f:57:16:57:35":13,"s:58:8:58:Infinity":17,"s:59:8:59:Infinity":18,"f:59:30:59:31":14,"s:59:41:59:55":19,"s:61:2:79:Infinity":20,"f:62:16:62:17":15,"s:63:6:63:Infinity":21,"f:64:15:64:16":16,"s:65:6:65:Infinity":22,"s:66:6:66:Infinity":23,"s:68:6:71:Infinity":24,"f:73:13:73:14":17,"s:74:6:77:Infinity":25,"b:76:17:76:34:76:34:76:Infinity":1,"f:82:16:82:35":18,"s:83:8:83:Infinity":26,"s:84:8:84:Infinity":27,"f:84:30:84:31":19,"s:84:41:84:55":28,"s:86:2:102:Infinity":29,"f:87:16:87:17":20,"s:87:32:87:Infinity":30,"f:88:15:88:21":21,"s:89:6:89:Infinity":31,"s:91:6:94:Infinity":32,"f:96:13:96:14":22,"s:97:6:100:Infinity":33,"b:99:17:99:34:99:34:99:Infinity":2}}}
,"E:\\workboard-training\\apps\\react-spa\\src\\stores\\authStore.ts": {"path":"E:\\workboard-training\\apps\\react-spa\\src\\stores\\authStore.ts","statementMap":{"0":{"start":{"line":26,"column":13},"end":{"line":113,"column":null}},"1":{"start":{"line":26,"column":61},"end":{"line":113,"column":2}},"2":{"start":{"line":35,"column":4},"end":{"line":46,"column":null}},"3":{"start":{"line":36,"column":25},"end":{"line":36,"column":null}},"4":{"start":{"line":37,"column":6},"end":{"line":42,"column":null}},"5":{"start":{"line":38,"column":21},"end":{"line":38,"column":null}},"6":{"start":{"line":39,"column":8},"end":{"line":39,"column":null}},"7":{"start":{"line":41,"column":8},"end":{"line":41,"column":null}},"8":{"start":{"line":44,"column":6},"end":{"line":44,"column":null}},"9":{"start":{"line":45,"column":6},"end":{"line":45,"column":null}},"10":{"start":{"line":51,"column":4},"end":{"line":82,"column":null}},"11":{"start":{"line":53,"column":6},"end":{"line":53,"column":null}},"12":{"start":{"line":53,"column":37},"end":{"line":53,"column":61}},"13":{"start":{"line":56,"column":6},"end":{"line":58,"column":null}},"14":{"start":{"line":57,"column":8},"end":{"line":57,"column":null}},"15":{"start":{"line":61,"column":25},"end":{"line":65,"column":null}},"16":{"start":{"line":68,"column":20},"end":{"line":68,"column":null}},"17":{"start":{"line":71,"column":6},"end":{"line":71,"column":null}},"18":{"start":{"line":74,"column":6},"end":{"line":78,"column":null}},"19":{"start":{"line":80,"column":6},"end":{"line":80,"column":null}},"20":{"start":{"line":81,"column":6},"end":{"line":81,"column":null}},"21":{"start":{"line":88,"column":4},"end":{"line":88,"column":null}},"22":{"start":{"line":89,"column":4},"end":{"line":89,"column":null}},"23":{"start":{"line":92,"column":4},"end":{"line":96,"column":null}},"24":{"start":{"line":101,"column":4},"end":{"line":101,"column":null}},"25":{"start":{"line":106,"column":4},"end":{"line":106,"column":null}},"26":{"start":{"line":111,"column":4},"end":{"line":111,"column":null}}},"fnMap":{"0":{"name":"(anonymous_0)","decl":{"start":{"line":26,"column":46},"end":{"line":26,"column":47}},"loc":{"start":{"line":26,"column":61},"end":{"line":113,"column":2}},"line":26},"1":{"name":"(anonymous_1)","decl":{"start":{"line":34,"column":14},"end":{"line":34,"column":20}},"loc":{"start":{"line":34,"column":20},"end":{"line":47,"column":null}},"line":34},"2":{"name":"(anonymous_2)","decl":{"start":{"line":50,"column":9},"end":{"line":50,"column":16}},"loc":{"start":{"line":50,"column":52},"end":{"line":83,"column":null}},"line":50},"3":{"name":"(anonymous_3)","decl":{"start":{"line":53,"column":24},"end":{"line":53,"column":25}},"loc":{"start":{"line":53,"column":37},"end":{"line":53,"column":61}},"line":53},"4":{"name":"(anonymous_4)","decl":{"start":{"line":86,"column":10},"end":{"line":86,"column":16}},"loc":{"start":{"line":86,"column":16},"end":{"line":97,"column":null}},"line":86},"5":{"name":"(anonymous_5)","decl":{"start":{"line":100,"column":11},"end":{"line":100,"column":12}},"loc":{"start":{"line":100,"column":21},"end":{"line":102,"column":null}},"line":100},"6":{"name":"(anonymous_6)","decl":{"start":{"line":105,"column":12},"end":{"line":105,"column":13}},"loc":{"start":{"line":105,"column":23},"end":{"line":107,"column":null}},"line":105},"7":{"name":"(anonymous_7)","decl":{"start":{"line":110,"column":14},"end":{"line":110,"column":15}},"loc":{"start":{"line":110,"column":27},"end":{"line":112,"column":null}},"line":110}},"branchMap":{"0":{"loc":{"start":{"line":37,"column":6},"end":{"line":42,"column":null}},"type":"if","locations":[{"start":{"line":37,"column":6},"end":{"line":42,"column":null}},{"start":{"line":40,"column":13},"end":{"line":42,"column":null}}],"line":37},"1":{"loc":{"start":{"line":56,"column":6},"end":{"line":58,"column":null}},"type":"if","locations":[{"start":{"line":56,"column":6},"end":{"line":58,"column":null}},{"start":{},"end":{}}],"line":56},"2":{"loc":{"start":{"line":56,"column":10},"end":{"line":56,"column":31}},"type":"binary-expr","locations":[{"start":{"line":56,"column":10},"end":{"line":56,"column":20}},{"start":{"line":56,"column":20},"end":{"line":56,"column":31}}],"line":56}},"s":{"0":1,"1":1,"2":0,"3":0,"4":0,"5":0,"6":0,"7":0,"8":0,"9":0,"10":0,"11":0,"12":0,"13":0,"14":0,"15":0,"16":0,"17":0,"18":0,"19":0,"20":0,"21":1,"22":1,"23":1,"24":2,"25":2,"26":0},"f":{"0":1,"1":0,"2":0,"3":0,"4":1,"5":2,"6":2,"7":0},"b":{"0":[0,0],"1":[0,0],"2":[0,0]},"meta":{"lastBranch":3,"lastFunction":8,"lastStatement":27,"seen":{"s:26:13:113:Infinity":0,"f:26:46:26:47":0,"s:26:61:113:2":1,"f:34:14:34:20":1,"s:35:4:46:Infinity":2,"s:36:25:36:Infinity":3,"b:37:6:42:Infinity:40:13:42:Infinity":0,"s:37:6:42:Infinity":4,"s:38:21:38:Infinity":5,"s:39:8:39:Infinity":6,"s:41:8:41:Infinity":7,"s:44:6:44:Infinity":8,"s:45:6:45:Infinity":9,"f:50:9:50:16":2,"s:51:4:82:Infinity":10,"s:53:6:53:Infinity":11,"f:53:24:53:25":3,"s:53:37:53:61":12,"b:56:6:58:Infinity:undefined:undefined:undefined:undefined":1,"s:56:6:58:Infinity":13,"b:56:10:56:20:56:20:56:31":2,"s:57:8:57:Infinity":14,"s:61:25:65:Infinity":15,"s:68:20:68:Infinity":16,"s:71:6:71:Infinity":17,"s:74:6:78:Infinity":18,"s:80:6:80:Infinity":19,"s:81:6:81:Infinity":20,"f:86:10:86:16":4,"s:88:4:88:Infinity":21,"s:89:4:89:Infinity":22,"s:92:4:96:Infinity":23,"f:100:11:100:12":5,"s:101:4:101:Infinity":24,"f:105:12:105:13":6,"s:106:4:106:Infinity":25,"f:110:14:110:15":7,"s:111:4:111:Infinity":26}}}
,"E:\\workboard-training\\apps\\react-spa\\src\\stores\\uiStore.ts": {"path":"E:\\workboard-training\\apps\\react-spa\\src\\stores\\uiStore.ts","statementMap":{"0":{"start":{"line":37,"column":13},"end":{"line":100,"column":null}},"1":{"start":{"line":37,"column":52},"end":{"line":100,"column":2}},"2":{"start":{"line":46,"column":15},"end":{"line":46,"column":null}},"3":{"start":{"line":47,"column":28},"end":{"line":51,"column":null}},"4":{"start":{"line":53,"column":4},"end":{"line":55,"column":null}},"5":{"start":{"line":53,"column":20},"end":{"line":55,"column":6}},"6":{"start":{"line":58,"column":4},"end":{"line":64,"column":null}},"7":{"start":{"line":59,"column":6},"end":{"line":63,"column":null}},"8":{"start":{"line":60,"column":8},"end":{"line":62,"column":null}},"9":{"start":{"line":60,"column":24},"end":{"line":62,"column":10}},"10":{"start":{"line":61,"column":45},"end":{"line":61,"column":56}},"11":{"start":{"line":69,"column":4},"end":{"line":71,"column":null}},"12":{"start":{"line":69,"column":20},"end":{"line":71,"column":6}},"13":{"start":{"line":70,"column":41},"end":{"line":70,"column":52}},"14":{"start":{"line":76,"column":4},"end":{"line":76,"column":null}},"15":{"start":{"line":81,"column":4},"end":{"line":87,"column":null}},"16":{"start":{"line":92,"column":4},"end":{"line":98,"column":null}}},"fnMap":{"0":{"name":"(anonymous_0)","decl":{"start":{"line":37,"column":42},"end":{"line":37,"column":43}},"loc":{"start":{"line":37,"column":52},"end":{"line":100,"column":2}},"line":37},"1":{"name":"(anonymous_1)","decl":{"start":{"line":45,"column":12},"end":{"line":45,"column":13}},"loc":{"start":{"line":45,"column":23},"end":{"line":65,"column":null}},"line":45},"2":{"name":"(anonymous_2)","decl":{"start":{"line":53,"column":8},"end":{"line":53,"column":9}},"loc":{"start":{"line":53,"column":20},"end":{"line":55,"column":6}},"line":53},"3":{"name":"(anonymous_3)","decl":{"start":{"line":59,"column":17},"end":{"line":59,"column":23}},"loc":{"start":{"line":59,"column":23},"end":{"line":63,"column":9}},"line":59},"4":{"name":"(anonymous_4)","decl":{"start":{"line":60,"column":12},"end":{"line":60,"column":13}},"loc":{"start":{"line":60,"column":24},"end":{"line":62,"column":10}},"line":60},"5":{"name":"(anonymous_5)","decl":{"start":{"line":61,"column":38},"end":{"line":61,"column":39}},"loc":{"start":{"line":61,"column":45},"end":{"line":61,"column":56}},"line":61},"6":{"name":"(anonymous_6)","decl":{"start":{"line":68,"column":15},"end":{"line":68,"column":16}},"loc":{"start":{"line":68,"column":23},"end":{"line":72,"column":null}},"line":68},"7":{"name":"(anonymous_7)","decl":{"start":{"line":69,"column":8},"end":{"line":69,"column":9}},"loc":{"start":{"line":69,"column":20},"end":{"line":71,"column":6}},"line":69},"8":{"name":"(anonymous_8)","decl":{"start":{"line":70,"column":34},"end":{"line":70,"column":35}},"loc":{"start":{"line":70,"column":41},"end":{"line":70,"column":52}},"line":70},"9":{"name":"(anonymous_9)","decl":{"start":{"line":75,"column":15},"end":{"line":75,"column":21}},"loc":{"start":{"line":75,"column":21},"end":{"line":77,"column":null}},"line":75},"10":{"name":"(anonymous_10)","decl":{"start":{"line":80,"column":13},"end":{"line":80,"column":14}},"loc":{"start":{"line":80,"column":33},"end":{"line":88,"column":null}},"line":80},"11":{"name":"(anonymous_11)","decl":{"start":{"line":91,"column":14},"end":{"line":91,"column":20}},"loc":{"start":{"line":91,"column":20},"end":{"line":99,"column":null}},"line":91}},"branchMap":{"0":{"loc":{"start":{"line":50,"column":16},"end":{"line":50,"column":null}},"type":"binary-expr","locations":[{"start":{"line":50,"column":16},"end":{"line":50,"column":34}},{"start":{"line":50,"column":34},"end":{"line":50,"column":null}}],"line":50},"1":{"loc":{"start":{"line":58,"column":4},"end":{"line":64,"column":null}},"type":"if","locations":[{"start":{"line":58,"column":4},"end":{"line":64,"column":null}},{"start":{},"end":{}}],"line":58}},"s":{"0":2,"1":2,"2":4,"3":4,"4":4,"5":4,"6":4,"7":4,"8":0,"9":0,"10":0,"11":1,"12":1,"13":1,"14":0,"15":0,"16":0},"f":{"0":2,"1":4,"2":4,"3":0,"4":0,"5":0,"6":1,"7":1,"8":1,"9":0,"10":0,"11":0},"b":{"0":[4,4],"1":[4,0]},"meta":{"lastBranch":2,"lastFunction":12,"lastStatement":17,"seen":{"s:37:13:100:Infinity":0,"f:37:42:37:43":0,"s:37:52:100:2":1,"f:45:12:45:13":1,"s:46:15:46:Infinity":2,"s:47:28:51:Infinity":3,"b:50:16:50:34:50:34:50:Infinity":0,"s:53:4:55:Infinity":4,"f:53:8:53:9":2,"s:53:20:55:6":5,"b:58:4:64:Infinity:undefined:undefined:undefined:undefined":1,"s:58:4:64:Infinity":6,"s:59:6:63:Infinity":7,"f:59:17:59:23":3,"s:60:8:62:Infinity":8,"f:60:12:60:13":4,"s:60:24:62:10":9,"f:61:38:61:39":5,"s:61:45:61:56":10,"f:68:15:68:16":6,"s:69:4:71:Infinity":11,"f:69:8:69:9":7,"s:69:20:71:6":12,"f:70:34:70:35":8,"s:70:41:70:52":13,"f:75:15:75:21":9,"s:76:4:76:Infinity":14,"f:80:13:80:14":10,"s:81:4:87:Infinity":15,"f:91:14:91:20":11,"s:92:4:98:Infinity":16}}}
,"E:\\workboard-training\\apps\\react-spa\\src\\types\\task.ts": {"path":"E:\\workboard-training\\apps\\react-spa\\src\\types\\task.ts","statementMap":{"0":{"start":{"line":29,"column":43},"end":{"line":29,"column":null}},"1":{"start":{"line":31,"column":62},"end":{"line":35,"column":null}}},"fnMap":{},"branchMap":{},"s":{"0":1,"1":1},"f":{},"b":{},"meta":{"lastBranch":0,"lastFunction":0,"lastStatement":2,"seen":{"s:29:43:29:Infinity":0,"s:31:62:35:Infinity":1}}}
,"E:\\workboard-training\\apps\\react-spa\\src\\utils\\secureStorage.ts": {"path":"E:\\workboard-training\\apps\\react-spa\\src\\utils\\secureStorage.ts","statementMap":{"0":{"start":{"line":6,"column":4},"end":{"line":6,"column":null}},"1":{"start":{"line":12,"column":4},"end":{"line":18,"column":null}},"2":{"start":{"line":13,"column":25},"end":{"line":13,"column":null}},"3":{"start":{"line":14,"column":6},"end":{"line":14,"column":null}},"4":{"start":{"line":16,"column":6},"end":{"line":16,"column":null}},"5":{"start":{"line":17,"column":6},"end":{"line":17,"column":null}},"6":{"start":{"line":24,"column":4},"end":{"line":31,"column":null}},"7":{"start":{"line":25,"column":19},"end":{"line":25,"column":null}},"8":{"start":{"line":26,"column":6},"end":{"line":26,"column":null}},"9":{"start":{"line":26,"column":17},"end":{"line":26,"column":null}},"10":{"start":{"line":27,"column":6},"end":{"line":27,"column":null}},"11":{"start":{"line":29,"column":6},"end":{"line":29,"column":null}},"12":{"start":{"line":30,"column":6},"end":{"line":30,"column":null}},"13":{"start":{"line":37,"column":4},"end":{"line":41,"column":null}},"14":{"start":{"line":38,"column":6},"end":{"line":38,"column":null}},"15":{"start":{"line":40,"column":6},"end":{"line":40,"column":null}},"16":{"start":{"line":47,"column":4},"end":{"line":51,"column":null}},"17":{"start":{"line":48,"column":6},"end":{"line":48,"column":null}},"18":{"start":{"line":50,"column":6},"end":{"line":50,"column":null}},"19":{"start":{"line":57,"column":4},"end":{"line":57,"column":null}},"20":{"start":{"line":63,"column":27},"end":{"line":63,"column":null}},"21":{"start":{"line":64,"column":4},"end":{"line":67,"column":null}},"22":{"start":{"line":64,"column":17},"end":{"line":64,"column":20}},"23":{"start":{"line":65,"column":18},"end":{"line":65,"column":null}},"24":{"start":{"line":66,"column":6},"end":{"line":66,"column":null}},"25":{"start":{"line":66,"column":15},"end":{"line":66,"column":null}},"26":{"start":{"line":68,"column":4},"end":{"line":68,"column":null}},"27":{"start":{"line":73,"column":29},"end":{"line":73,"column":null}}},"fnMap":{"0":{"name":"(anonymous_0)","decl":{"start":{"line":4,"column":2},"end":{"line":4,"column":14}},"loc":{"start":{"line":4,"column":33},"end":{"line":7,"column":null}},"line":4},"1":{"name":"(anonymous_1)","decl":{"start":{"line":11,"column":2},"end":{"line":11,"column":10}},"loc":{"start":{"line":11,"column":41},"end":{"line":19,"column":null}},"line":11},"2":{"name":"(anonymous_2)","decl":{"start":{"line":23,"column":2},"end":{"line":23,"column":13}},"loc":{"start":{"line":23,"column":36},"end":{"line":32,"column":null}},"line":23},"3":{"name":"(anonymous_3)","decl":{"start":{"line":36,"column":2},"end":{"line":36,"column":13}},"loc":{"start":{"line":36,"column":32},"end":{"line":42,"column":null}},"line":36},"4":{"name":"(anonymous_4)","decl":{"start":{"line":46,"column":2},"end":{"line":46,"column":16}},"loc":{"start":{"line":46,"column":16},"end":{"line":52,"column":null}},"line":46},"5":{"name":"(anonymous_5)","decl":{"start":{"line":56,"column":2},"end":{"line":56,"column":10}},"loc":{"start":{"line":56,"column":32},"end":{"line":58,"column":null}},"line":56},"6":{"name":"(anonymous_6)","decl":{"start":{"line":62,"column":2},"end":{"line":62,"column":25}},"loc":{"start":{"line":62,"column":25},"end":{"line":69,"column":null}},"line":62}},"branchMap":{"0":{"loc":{"start":{"line":4,"column":14},"end":{"line":4,"column":33}},"type":"default-arg","locations":[{"start":{"line":4,"column":27},"end":{"line":4,"column":33}}],"line":4},"1":{"loc":{"start":{"line":6,"column":19},"end":{"line":6,"column":null}},"type":"cond-expr","locations":[{"start":{"line":6,"column":32},"end":{"line":6,"column":49}},{"start":{"line":6,"column":49},"end":{"line":6,"column":null}}],"line":6},"2":{"loc":{"start":{"line":26,"column":6},"end":{"line":26,"column":null}},"type":"if","locations":[{"start":{"line":26,"column":6},"end":{"line":26,"column":null}},{"start":{},"end":{}}],"line":26},"3":{"loc":{"start":{"line":66,"column":6},"end":{"line":66,"column":null}},"type":"if","locations":[{"start":{"line":66,"column":6},"end":{"line":66,"column":null}},{"start":{},"end":{}}],"line":66}},"s":{"0":1,"1":5,"2":5,"3":5,"4":0,"5":0,"6":6,"7":6,"8":6,"9":4,"10":2,"11":0,"12":0,"13":1,"14":1,"15":0,"16":1,"17":1,"18":0,"19":0,"20":0,"21":0,"22":0,"23":0,"24":0,"25":0,"26":0,"27":1},"f":{"0":1,"1":5,"2":6,"3":1,"4":1,"5":0,"6":0},"b":{"0":[1],"1":[1,0],"2":[4,2],"3":[0,0]},"meta":{"lastBranch":4,"lastFunction":7,"lastStatement":28,"seen":{"f:4:2:4:14":0,"b:4:27:4:33":0,"s:6:4:6:Infinity":0,"b:6:32:6:49:6:49:6:Infinity":1,"f:11:2:11:10":1,"s:12:4:18:Infinity":1,"s:13:25:13:Infinity":2,"s:14:6:14:Infinity":3,"s:16:6:16:Infinity":4,"s:17:6:17:Infinity":5,"f:23:2:23:13":2,"s:24:4:31:Infinity":6,"s:25:19:25:Infinity":7,"b:26:6:26:Infinity:undefined:undefined:undefined:undefined":2,"s:26:6:26:Infinity":8,"s:26:17:26:Infinity":9,"s:27:6:27:Infinity":10,"s:29:6:29:Infinity":11,"s:30:6:30:Infinity":12,"f:36:2:36:13":3,"s:37:4:41:Infinity":13,"s:38:6:38:Infinity":14,"s:40:6:40:Infinity":15,"f:46:2:46:16":4,"s:47:4:51:Infinity":16,"s:48:6:48:Infinity":17,"s:50:6:50:Infinity":18,"f:56:2:56:10":5,"s:57:4:57:Infinity":19,"f:62:2:62:25":6,"s:63:27:63:Infinity":20,"s:64:4:67:Infinity":21,"s:64:17:64:20":22,"s:65:18:65:Infinity":23,"b:66:6:66:Infinity:undefined:undefined:undefined:undefined":3,"s:66:6:66:Infinity":24,"s:66:15:66:Infinity":25,"s:68:4:68:Infinity":26,"s:73:29:73:Infinity":27}}}
}
